
     2 00000000                                 ; TAB=4
     3                                              ORG     0x7c00          ; このプログラムがどこに読み込まれるのか
     4 00007C00                                 ; 以下は標準的なFAT12フォーマットフロッピーディスクのための記述
     5 00007C00                                 
     6 00007C00 EB 4E                               JMP     entry
     7 00007C02 90                                  DB      0x90
     8 00007C03 53 55 43 49 43 41 44 41             DB      "SUCICADA"      ; ブートセクタの名前を自由に書いてよい（8バイト）
     9 00007C0B 0200                                DW      512             ; 1セクタの大きさ（512にしなければいけない）
    10 00007C0D 01                                  DB      1               ; クラスタの大きさ（1セクタにしなければいけない）
    11 00007C0E 0001                                DW      1               ; FATがどこから始まるか（普通は1セクタ目からにする）
    12 00007C10 02                                  DB      2               ; FATの個数（2にしなければいけない）
    13 00007C11 00E0                                DW      224             ; ルートディレクトリ領域の大きさ（普通は224エントリにする）
    14 00007C13 0B40                                DW      2880            ; このドライブの大きさ（2880セクタにしなければいけない）
    15 00007C15 F0                                  DB      0xf0            ; メディアのタイプ（0xf0にしなければいけない）
    16 00007C16 0009                                DW      9               ; FAT領域の長さ（9セクタにしなければいけない）
    17 00007C18 0012                                DW      18              ; 1トラックにいくつのセクタがあるか（18にしなければいけない）
    18 00007C1A 0002                                DW      2               ; ヘッドの数（2にしなければいけない）
    19 00007C1C 00000000                            DD      0               ; パーティションを使ってないのでここは必ず0
    20 00007C20 00000B40                            DD      2880            ; このドライブ大きさをもう一度書く
    21 00007C24 00 00 29                            DB      0,0,0x29        ; よくわからないけどこの値にしておくといいらしい
    22 00007C27 FFFFFFFF                            DD      0xffffffff      ; たぶんボリュームシリアル番号
    23 00007C2B 53 75 43 69 63 61 64 61 2D 4F       DB      "SuCicada-OS"   ; ディスクの名前（11バイト）
       00007C35 53 
    24 00007C36 46 41 54 31 32 20 20 20             DB      "FAT12   "      ; フォーマットの名前（8バイト）
    25 00007C3E 00 00 00 00 00 00 00 00 00 00       RESB    18              ; とりあえず18バイトあけておく
       00007C48 00 00 00 00 00 00 00 00 
    26 00007C50                                  
    27 00007C50                                 ; プログラム本体
    28 00007C50                                 
    29 00007C50                                 entry:
    30 00007C50 B8 0000                             MOV     AX,0
    31 00007C53 8E D0                               MOV     SS,AX
    32 00007C55 BC 7C00                             MOV     SP,0x7c00
    33 00007C58 8E D8                               MOV     DS,AX
    34 00007C5A                                 ; ディスクを読む
    35 00007C5A                                     MOV
      >> [ERROR #002] parameter error.
    36 00007C5A 8E C0                               MOV     ES,AX
    37 00007C5C BE 7C74                             MOV     SI,msg
    38 00007C5F                                 putloop:
    39 00007C5F 8A 04                               MOV     AL,[SI]
    40 00007C61 83 C6 01                            ADD     SI,1
    41 00007C64 3C 00                               CMP     AL,0
    42 00007C66 74 09                               JE      fin
    43 00007C68 B4 0E                               MOV     AH,0x0e
    44 00007C6A BB 000F                             MOV     BX,15
    45 00007C6D CD 10                               INT     0x10
    46 00007C6F EB EE                               JMP     putloop
    47 00007C71                                 fin:
    48 00007C71 F4                                  HLT                     ; 何かあるまでCPUを停止させる
    49 00007C72 EB FD                               JMP     fin
    50 00007C74                                 
    51 00007C74                                 ; メッセージ部分
    52 00007C74                                 msg:
    53 00007C74 0A                                  DB      0x0a            ; 改行を2つ
    54 00007C75 68 65 6C 6C 6F 2C 20 77 6F 72       DB      "hello, world"
       00007C7F 6C 64 
    55 00007C81 0A                                  DB      0x0a
    56 00007C82 49 20 61 6D 20 53 75 43 69 63       DB      "I am SuCicada" ;
       00007C8C 61 64 61 
    57 00007C8F 0A                                  DB      0x0a            ; 改行
    58 00007C90 00                                  DB      0
    59 00007C91                                 
    60 00007C91 00 00 00 00 00 00 00 00 00 00       RESB    0x7dfe-$         ; 0x001feまでを0x00で埋める命令
       00007C9B 00 00 00 00 00 00 00 00 00 00 
       00007CA5 00 00 00 00 00 00 00 00 00 00 
       00007CAF 00 00 00 00 00 00 00 00 00 00 
       00007CB9 00 00 00 00 00 00 00 00 00 00 
       00007CC3 00 00 00 00 00 00 00 00 00 00 
       00007CCD 00 00 00 00 00 00 00 00 00 00 
       00007CD7 00 00 00 00 00 00 00 00 00 00 
       00007CE1 00 00 00 00 00 00 00 00 00 00 
       00007CEB 00 00 00 00 00 00 00 00 00 00 
       00007CF5 00 00 00 00 00 00 00 00 00 00 
       00007CFF 00 00 00 00 00 00 00 00 00 00 
       00007D09 00 00 00 00 00 00 00 00 00 00 
       00007D13 00 00 00 00 00 00 00 00 00 00 
       00007D1D 00 00 00 00 00 00 00 00 00 00 
       00007D27 00 00 00 00 00 00 00 00 00 00 
       00007D31 00 00 00 00 00 00 00 00 00 00 
       00007D3B 00 00 00 00 00 00 00 00 00 00 
       00007D45 00 00 00 00 00 00 00 00 00 00 
       00007D4F 00 00 00 00 00 00 00 00 00 00 
       00007D59 00 00 00 00 00 00 00 00 00 00 
       00007D63 00 00 00 00 00 00 00 00 00 00 
       00007D6D 00 00 00 00 00 00 00 00 00 00 
       00007D77 00 00 00 00 00 00 00 00 00 00 
       00007D81 00 00 00 00 00 00 00 00 00 00 
       00007D8B 00 00 00 00 00 00 00 00 00 00 
       00007D95 00 00 00 00 00 00 00 00 00 00 
       00007D9F 00 00 00 00 00 00 00 00 00 00 
       00007DA9 00 00 00 00 00 00 00 00 00 00 
       00007DB3 00 00 00 00 00 00 00 00 00 00 
       00007DBD 00 00 00 00 00 00 00 00 00 00 
       00007DC7 00 00 00 00 00 00 00 00 00 00 
       00007DD1 00 00 00 00 00 00 00 00 00 00 
       00007DDB 00 00 00 00 00 00 00 00 00 00 
       00007DE5 00 00 00 00 00 00 00 00 00 00 
       00007DEF 00 00 00 00 00 00 00 00 00 00 
       00007DF9 00 00 00 00 00 
    61 00007DFE                                 
    62 00007DFE 55 AA                               DB      0x55, 0xaa
    63 00007E00                                 
    64 00007E00                                 
    65 00007E00                                 ; 以下はブートセクタ以外の部分の記述
    66 00007E00                                 
    67 00007E00                                     ; DB      0xf0, 0xff, 0xff, 0x00, 0x00, 0x00, 0x00, 0x00
    68 00007E00                                     ; RESB    4600
    69 00007E00                                     ; DB      0xf0, 0xff, 0xff, 0x00, 0x00, 0x00, 0x00, 0x00
    70 00007E00                                     ; RESB    1469432
